ncverilog: 14.10-s005: (c) Copyright 1995-2014 Cadence Design Systems, Inc.
TOOL:	ncverilog	14.10-s005: Started on Jan 15, 2018 at 01:56:58 CST
ncverilog
	+access+r
	test_top_module.v
	top_module.v
Recompiling... reason: file './sqg.v' is newer than expected.
	expected: Mon Jan 15 01:42:23 2018
	actual:   Mon Jan 15 01:56:57 2018
file: top_module.v
	module worklib.sqg:v
		errors: 0, warnings: 0
		Caching library 'worklib' ....... Done
	Elaborating the design hierarchy:
	Building instance overlay tables: .................... Done
	Generating native compiled code:
		worklib.sqg:v <0x7b91826f>
			streams:   6, words:  8254
	Building instance specific data structures.
	Loading native compiled code:     .................... Done
	Design hierarchy summary:
		              Instances  Unique
		Modules:              6       6
		Registers:           47      47
		Scalar wires:         9       -
		Vectored wires:      10       -
		Always blocks:        9       9
		Initial blocks:       7       7
		Pseudo assignments:   2       2
	Writing initial simulation snapshot: worklib.test_top_module:v
Loading snapshot worklib.test_top_module:v .................... Done
*Verdi* Loading libsscore_ius141.so
ncsim> source /usr/cad/cadence/INCISIV/cur/tools/inca/files/ncsimrc
ncsim> run
FSDB Dumper for IUS, Release Verdi_M-2017.03, Linux, 02/13/2017
(C) 1996 - 2017 by Synopsys, Inc.
*Verdi* FSDB WARNING: The FSDB file already exists. Overwriting the FSDB file may crash the programs that are using this file.
*Verdi* : Create FSDB file 'test_top_module.fsdb'
*Verdi* : Begin traversing the scope (test_top_module), layer (0).
*Verdi* : Enable +mda dumping.
*Verdi* : End of traversing.
Simulation complete via $finish(1) at time 81790 NS + 0
./test_top_module.v:70         $finish;
ncsim> exit
TOOL:	ncverilog	14.10-s005: Exiting on Jan 15, 2018 at 01:57:00 CST  (total: 00:00:02)
